\BOOKMARK [1][-]{section.1}{\376\377\000W\000s\000t\001\031\000p}{}% 1
\BOOKMARK [1][-]{section.2}{\376\377\000Z\000b\000i\000\363\000r\000\040\000d\000a\000n\000y\000c\000h\000\040\000i\000\040\000j\000e\000g\000o\000\040\000a\000n\000a\000l\000i\000z\000a}{}% 2
\BOOKMARK [2][-]{subsection.2.1}{\376\377\000O\000p\000i\000s\000\040\000z\000b\000i\000o\000r\000u\000\040\000d\000a\000n\000y\000c\000h}{section.2}% 3
\BOOKMARK [2][-]{subsection.2.2}{\376\377\000P\000r\000z\000y\000k\001\102\000a\000d\000o\000w\000e\000\040\000d\000a\000n\000e}{section.2}% 4
\BOOKMARK [2][-]{subsection.2.3}{\376\377\000O\000b\000r\000\363\000b\000k\000a\000\040\000d\000a\000n\000y\000c\000h}{section.2}% 5
\BOOKMARK [3][-]{subsubsection.2.3.1}{\376\377\000P\000o\000z\000y\000s\000k\000a\000n\000i\000e\000\040\000d\000a\000n\000y\000c\000h}{subsection.2.3}% 6
\BOOKMARK [2][-]{subsection.2.4}{\376\377\000D\000a\000n\000e\000\040\000p\000o\000\040\000o\000b\000r\000\363\000b\000c\000e}{section.2}% 7
\BOOKMARK [2][-]{subsection.2.5}{\376\377\000A\000n\000a\000l\000i\000z\000a\000\040\000d\000a\000n\000y\000c\000h}{section.2}% 8
\BOOKMARK [2][-]{subsection.2.6}{\376\377\000P\000o\000p\000u\000l\000a\000c\000j\000a\000\040\000w\000\040\000P\000o\000l\000s\000c\000e}{section.2}% 9
\BOOKMARK [2][-]{subsection.2.7}{\376\377\000I\000m\000i\000g\000r\000a\000c\000j\000a\000\040\000d\000o\000\040\000P\000o\000l\000s\000k\000i}{section.2}% 10
\BOOKMARK [2][-]{subsection.2.8}{\376\377\000W\000s\000p\000\363\001\102\000c\000z\000y\000n\000n\000i\000k\000\040\000d\000z\000i\000e\000t\000n\000o\001\133\000c\000i}{section.2}% 11
\BOOKMARK [2][-]{subsection.2.9}{\376\377\000O\000c\000z\000e\000k\000i\000w\000a\000n\000a\000\040\000d\001\102\000u\000g\000o\001\133\001\007\000\040\001\174\000y\000c\000i\000a}{section.2}% 12
\BOOKMARK [2][-]{subsection.2.10}{\376\377\000U\000r\000b\000a\000n\000i\000z\000a\000c\000j\000a}{section.2}% 13
\BOOKMARK [2][-]{subsection.2.11}{\376\377\000W\000s\000k\000a\001\172\000n\000i\000k\000\040\000z\000m\000i\000a\000n\000y\000\040\000p\000o\000p\000u\000l\000a\000c\000j\000i}{section.2}% 14
\BOOKMARK [2][-]{subsection.2.12}{\376\377\000K\000o\000r\000e\000l\000a\000c\000j\000a}{section.2}% 15
\BOOKMARK [2][-]{subsection.2.13}{\376\377\000E\000l\000i\000m\000i\000n\000a\000c\000j\000a\000\040\000d\000a\000n\000y\000c\000h\000\040\000o\000d\000s\000t\000a\000j\001\005\000c\000y\000c\000h}{section.2}% 16
\BOOKMARK [1][-]{section.3}{\376\377\000D\000o\000b\000\363\000r\000\040\000m\000e\000t\000r\000y\000k\000\040\000o\000c\000e\000n\000y}{}% 17
\BOOKMARK [2][-]{subsection.3.1}{\376\377\000M\000e\000a\000n\000\040\000S\000q\000u\000a\000r\000e\000d\000\040\000E\000r\000r\000o\000r}{section.3}% 18
\BOOKMARK [2][-]{subsection.3.2}{\376\377\000M\000e\000a\000n\000\040\000A\000b\000s\000o\000l\000u\000t\000e\000\040\000P\000e\000r\000c\000e\000n\000t\000a\000g\000e\000\040\000E\000r\000r\000o\000r}{section.3}% 19
\BOOKMARK [2][-]{subsection.3.3}{\376\377\000R\0002\000\040\000S\000c\000o\000r\000e}{section.3}% 20
\BOOKMARK [2][-]{subsection.3.4}{\376\377\000A\000n\000a\000l\000i\000z\000a\000\040\000m\000e\000t\000r\000y\000k}{section.3}% 21
\BOOKMARK [1][-]{section.4}{\376\377\000A\000n\000a\000l\000i\000z\000a\000\040\000m\000o\000d\000e\000l\000i}{}% 22
\BOOKMARK [2][-]{subsection.4.1}{\376\377\000D\000l\000a\000\040\000p\000o\000d\000z\000i\000a\001\102\000u\000\040\0008\0000\000/\0002\0000}{section.4}% 23
\BOOKMARK [3][-]{subsubsection.4.1.1}{\376\377\000R\000e\000g\000r\000e\000s\000j\000a\000\040\000l\000i\000n\000i\000o\000w\000a}{subsection.4.1}% 24
\BOOKMARK [3][-]{subsubsection.4.1.2}{\376\377\000R\000e\000g\000r\000e\000s\000j\000a\000\040\000R\000i\000d\000g\000e}{subsection.4.1}% 25
\BOOKMARK [3][-]{subsubsection.4.1.3}{\376\377\000R\000e\000g\000r\000e\000s\000j\000a\000\040\000L\000a\000s\000s\000o}{subsection.4.1}% 26
\BOOKMARK [3][-]{subsubsection.4.1.4}{\376\377\000R\000e\000g\000r\000e\000s\000j\000a\000\040\000E\000l\000a\000s\000t\000i\000c\000\040\000N\000e\000t}{subsection.4.1}% 27
\BOOKMARK [3][-]{subsubsection.4.1.5}{\376\377\000R\000e\000g\000r\000e\000s\000j\000a\000\040\000B\000a\000y\000e\000s\000i\000a\000n\000\040\000R\000i\000d\000g\000e}{subsection.4.1}% 28
\BOOKMARK [3][-]{subsubsection.4.1.6}{\376\377\000P\000o\000d\000s\000u\000m\000o\000w\000a\000n\000i\000e\000\040\000d\000l\000a\000\040\000p\000o\000d\000z\000i\000a\001\102\000u\000\040\0008\0000\000/\0002\0000}{subsection.4.1}% 29
\BOOKMARK [2][-]{subsection.4.2}{\376\377\000D\000l\000a\000\040\000p\000o\000d\000z\000i\000a\001\102\000u\000\040\0006\0000\000/\0004\0000}{section.4}% 30
\BOOKMARK [3][-]{subsubsection.4.2.1}{\376\377\000R\000e\000g\000r\000e\000s\000j\000a\000\040\000l\000i\000n\000i\000o\000w\000a}{subsection.4.2}% 31
\BOOKMARK [3][-]{subsubsection.4.2.2}{\376\377\000R\000e\000g\000r\000e\000s\000j\000a\000\040\000R\000i\000d\000g\000e}{subsection.4.2}% 32
\BOOKMARK [3][-]{subsubsection.4.2.3}{\376\377\000R\000e\000g\000r\000e\000s\000j\000a\000\040\000L\000a\000s\000s\000o}{subsection.4.2}% 33
\BOOKMARK [3][-]{subsubsection.4.2.4}{\376\377\000R\000e\000g\000r\000e\000s\000j\000a\000\040\000E\000l\000a\000s\000t\000i\000c\000\040\000N\000e\000t}{subsection.4.2}% 34
\BOOKMARK [3][-]{subsubsection.4.2.5}{\376\377\000R\000e\000g\000r\000e\000s\000j\000a\000\040\000B\000a\000y\000e\000s\000i\000a\000n\000\040\000R\000i\000d\000g\000e}{subsection.4.2}% 35
\BOOKMARK [3][-]{subsubsection.4.2.6}{\376\377\000P\000o\000d\000s\000u\000m\000o\000w\000a\000n\000i\000e\000\040\000d\000l\000a\000\040\000p\000o\000d\000z\000i\000a\001\102\000u\000\040\0006\0000\000/\0004\0000}{subsection.4.2}% 36
\BOOKMARK [1][-]{section.5}{\376\377\000W\000n\000i\000o\000s\000k\000i}{}% 37
